<?xml version="1.0" encoding="UTF-8"?>
<testng-results ignored="0" total="2" passed="2" failed="0" skipped="0">
  <reporter-output>
  </reporter-output>
  <suite started-at="2021-06-27T14:50:32 EAT" name="InetBankingV1" finished-at="2021-06-27T14:50:58 EAT" duration-ms="25817">
    <groups>
    </groups>
    <test started-at="2021-06-27T14:50:32 EAT" name="BankingApp Test" finished-at="2021-06-27T14:50:58 EAT" duration-ms="25817">
      <class name="com.inetbanking.testCases.TC_LoginTest_001">
        <test-method is-config="true" signature="setup(java.lang.String)[pri:0, instance:com.inetbanking.testCases.TC_LoginTest_001@65b3f4a4]" started-at="2021-06-27T14:50:32 EAT" name="setup" finished-at="2021-06-27T14:50:36 EAT" duration-ms="4260" status="PASS">
          <params>
            <param index="0">
              <value>
                <![CDATA[chrome]]>
              </value>
            </param>
          </params>
          <reporter-output>
          </reporter-output>
        </test-method> <!-- setup -->
        <test-method signature="loginTest()[pri:0, instance:com.inetbanking.testCases.TC_LoginTest_001@65b3f4a4]" started-at="2021-06-27T14:50:36 EAT" name="loginTest" finished-at="2021-06-27T14:50:38 EAT" duration-ms="1184" status="PASS">
          <reporter-output>
          </reporter-output>
        </test-method> <!-- loginTest -->
        <test-method is-config="true" signature="tearDown()[pri:0, instance:com.inetbanking.testCases.TC_LoginTest_001@65b3f4a4]" started-at="2021-06-27T14:50:38 EAT" name="tearDown" finished-at="2021-06-27T14:50:38 EAT" duration-ms="590" status="PASS">
          <reporter-output>
          </reporter-output>
        </test-method> <!-- tearDown -->
      </class> <!-- com.inetbanking.testCases.TC_LoginTest_001 -->
      <class name="com.inetbanking.testCases.TC_AddCustomerTest_003">
        <test-method is-config="true" signature="setup(java.lang.String)[pri:0, instance:com.inetbanking.testCases.TC_AddCustomerTest_003@f2ff811]" started-at="2021-06-27T14:50:38 EAT" name="setup" finished-at="2021-06-27T14:50:41 EAT" duration-ms="3333" status="PASS">
          <params>
            <param index="0">
              <value>
                <![CDATA[chrome]]>
              </value>
            </param>
          </params>
          <reporter-output>
          </reporter-output>
        </test-method> <!-- setup -->
        <test-method signature="addNewCustomer()[pri:0, instance:com.inetbanking.testCases.TC_AddCustomerTest_003@f2ff811]" started-at="2021-06-27T14:50:41 EAT" name="addNewCustomer" finished-at="2021-06-27T14:50:57 EAT" duration-ms="15560" status="PASS">
          <reporter-output>
          </reporter-output>
        </test-method> <!-- addNewCustomer -->
        <test-method is-config="true" signature="tearDown()[pri:0, instance:com.inetbanking.testCases.TC_AddCustomerTest_003@f2ff811]" started-at="2021-06-27T14:50:57 EAT" name="tearDown" finished-at="2021-06-27T14:50:58 EAT" duration-ms="624" status="PASS">
          <reporter-output>
          </reporter-output>
        </test-method> <!-- tearDown -->
      </class> <!-- com.inetbanking.testCases.TC_AddCustomerTest_003 -->
    </test> <!-- BankingApp Test -->
  </suite> <!-- InetBankingV1 -->
</testng-results>
