<?xml version="1.0" encoding="UTF-8"?>
<testng-results ignored="0" total="2" passed="2" failed="0" skipped="0">
  <reporter-output>
  </reporter-output>
  <suite started-at="2021-06-27T11:48:08 EAT" name="InetBankingV1" finished-at="2021-06-27T11:48:34 EAT" duration-ms="25931">
    <groups>
    </groups>
    <test started-at="2021-06-27T11:48:08 EAT" name="BankingApp Test" finished-at="2021-06-27T11:48:34 EAT" duration-ms="25931">
      <class name="com.inetbanking.testCases.TC_LoginTest_001">
        <test-method is-config="true" signature="setup(java.lang.String)[pri:0, instance:com.inetbanking.testCases.TC_LoginTest_001@13b13b5d]" started-at="2021-06-27T11:48:08 EAT" name="setup" finished-at="2021-06-27T11:48:13 EAT" duration-ms="4658" status="PASS">
          <params>
            <param index="0">
              <value>
                <![CDATA[chrome]]>
              </value>
            </param>
          </params>
          <reporter-output>
          </reporter-output>
        </test-method> <!-- setup -->
        <test-method signature="loginTest()[pri:0, instance:com.inetbanking.testCases.TC_LoginTest_001@13b13b5d]" started-at="2021-06-27T11:48:13 EAT" name="loginTest" finished-at="2021-06-27T11:48:14 EAT" duration-ms="1156" status="PASS">
          <reporter-output>
          </reporter-output>
        </test-method> <!-- loginTest -->
        <test-method is-config="true" signature="tearDown()[pri:0, instance:com.inetbanking.testCases.TC_LoginTest_001@13b13b5d]" started-at="2021-06-27T11:48:14 EAT" name="tearDown" finished-at="2021-06-27T11:48:15 EAT" duration-ms="623" status="PASS">
          <reporter-output>
          </reporter-output>
        </test-method> <!-- tearDown -->
      </class> <!-- com.inetbanking.testCases.TC_LoginTest_001 -->
      <class name="com.inetbanking.testCases.TC_AddCustomerTest_003">
        <test-method is-config="true" signature="setup(java.lang.String)[pri:0, instance:com.inetbanking.testCases.TC_AddCustomerTest_003@2892dae4]" started-at="2021-06-27T11:48:15 EAT" name="setup" finished-at="2021-06-27T11:48:18 EAT" duration-ms="3433" status="PASS">
          <params>
            <param index="0">
              <value>
                <![CDATA[chrome]]>
              </value>
            </param>
          </params>
          <reporter-output>
          </reporter-output>
        </test-method> <!-- setup -->
        <test-method signature="addNewCustomer()[pri:0, instance:com.inetbanking.testCases.TC_AddCustomerTest_003@2892dae4]" started-at="2021-06-27T11:48:18 EAT" name="addNewCustomer" finished-at="2021-06-27T11:48:33 EAT" duration-ms="15120" status="PASS">
          <reporter-output>
          </reporter-output>
        </test-method> <!-- addNewCustomer -->
        <test-method is-config="true" signature="tearDown()[pri:0, instance:com.inetbanking.testCases.TC_AddCustomerTest_003@2892dae4]" started-at="2021-06-27T11:48:33 EAT" name="tearDown" finished-at="2021-06-27T11:48:34 EAT" duration-ms="667" status="PASS">
          <reporter-output>
          </reporter-output>
        </test-method> <!-- tearDown -->
      </class> <!-- com.inetbanking.testCases.TC_AddCustomerTest_003 -->
    </test> <!-- BankingApp Test -->
  </suite> <!-- InetBankingV1 -->
</testng-results>
